2017-10-27 21:44:18.856390: W tensorflow/core/platform/cpu_feature_guard.cc:45] The TensorFlow library wasn't compiled to use SSE4.1 instructions, but these are available on your machine and could speed up CPU computations.
2017-10-27 21:44:18.856682: W tensorflow/core/platform/cpu_feature_guard.cc:45] The TensorFlow library wasn't compiled to use SSE4.2 instructions, but these are available on your machine and could speed up CPU computations.
2017-10-27 21:44:18.856691: W tensorflow/core/platform/cpu_feature_guard.cc:45] The TensorFlow library wasn't compiled to use AVX instructions, but these are available on your machine and could speed up CPU computations.
2017-10-27 21:44:18.856695: W tensorflow/core/platform/cpu_feature_guard.cc:45] The TensorFlow library wasn't compiled to use AVX2 instructions, but these are available on your machine and could speed up CPU computations.
2017-10-27 21:44:18.856700: W tensorflow/core/platform/cpu_feature_guard.cc:45] The TensorFlow library wasn't compiled to use FMA instructions, but these are available on your machine and could speed up CPU computations.
(26032, 32, 32, 3)
Computed Teacher 0 softmax predictions
Computed Teacher 1 softmax predictions
Computed Teacher 2 softmax predictions
Computed Teacher 3 softmax predictions
Computed Teacher 4 softmax predictions
Computed Teacher 5 softmax predictions
Computed Teacher 6 softmax predictions
Computed Teacher 7 softmax predictions
Computed Teacher 8 softmax predictions
Computed Teacher 9 softmax predictions
Computed Teacher 10 softmax predictions
Computed Teacher 11 softmax predictions
Computed Teacher 12 softmax predictions
Computed Teacher 13 softmax predictions
Computed Teacher 14 softmax predictions
Computed Teacher 15 softmax predictions
Computed Teacher 16 softmax predictions
Computed Teacher 17 softmax predictions
Computed Teacher 18 softmax predictions
Computed Teacher 19 softmax predictions
Computed Teacher 20 softmax predictions
Computed Teacher 21 softmax predictions
Computed Teacher 22 softmax predictions
Computed Teacher 23 softmax predictions
Computed Teacher 24 softmax predictions
Computed Teacher 25 softmax predictions
Computed Teacher 26 softmax predictions
Computed Teacher 27 softmax predictions
Computed Teacher 28 softmax predictions
Computed Teacher 29 softmax predictions
Computed Teacher 30 softmax predictions
Computed Teacher 31 softmax predictions
Computed Teacher 32 softmax predictions
Computed Teacher 33 softmax predictions
Computed Teacher 34 softmax predictions
Computed Teacher 35 softmax predictions
Computed Teacher 36 softmax predictions
Computed Teacher 37 softmax predictions
Computed Teacher 38 softmax predictions
Computed Teacher 39 softmax predictions
Computed Teacher 40 softmax predictions
Computed Teacher 41 softmax predictions
Computed Teacher 42 softmax predictions
Computed Teacher 43 softmax predictions
Computed Teacher 44 softmax predictions
Computed Teacher 45 softmax predictions
Computed Teacher 46 softmax predictions
Computed Teacher 47 softmax predictions
Computed Teacher 48 softmax predictions
Computed Teacher 49 softmax predictions
Accuracy of the aggregated labels: 0.187
Done Initializing Training Placeholders
Graph constructed and saver created
Session ready, beginning training loop
2017-10-27 21:45:20.206065: step 0, loss = 8.45 (332.1 examples/sec; 0.385 sec/batch)
2017-10-27 21:45:55.970678: step 100, loss = 7.33 (366.5 examples/sec; 0.349 sec/batch)
2017-10-27 21:46:31.411921: step 200, loss = 7.08 (360.5 examples/sec; 0.355 sec/batch)
2017-10-27 21:47:06.595512: step 300, loss = 6.66 (363.5 examples/sec; 0.352 sec/batch)
2017-10-27 21:47:41.740360: step 400, loss = 6.40 (354.2 examples/sec; 0.361 sec/batch)
2017-10-27 21:48:16.651848: step 500, loss = 6.18 (384.0 examples/sec; 0.333 sec/batch)
2017-10-27 21:48:51.793591: step 600, loss = 5.82 (365.0 examples/sec; 0.351 sec/batch)
2017-10-27 21:49:26.809300: step 700, loss = 5.25 (379.1 examples/sec; 0.338 sec/batch)
2017-10-27 21:50:01.752641: step 800, loss = 4.90 (349.8 examples/sec; 0.366 sec/batch)
2017-10-27 21:50:37.158755: step 900, loss = 4.47 (380.3 examples/sec; 0.337 sec/batch)
2017-10-27 21:51:12.240399: step 1000, loss = 4.19 (367.6 examples/sec; 0.348 sec/batch)
2017-10-27 21:51:48.825720: step 1100, loss = 4.02 (354.1 examples/sec; 0.361 sec/batch)
2017-10-27 21:52:24.102374: step 1200, loss = 3.86 (365.6 examples/sec; 0.350 sec/batch)
2017-10-27 21:52:59.189893: step 1300, loss = 3.71 (345.0 examples/sec; 0.371 sec/batch)
2017-10-27 21:53:34.393407: step 1400, loss = 3.56 (348.0 examples/sec; 0.368 sec/batch)
2017-10-27 21:54:09.602924: step 1500, loss = 3.42 (371.9 examples/sec; 0.344 sec/batch)
2017-10-27 21:54:44.692955: step 1600, loss = 3.29 (357.9 examples/sec; 0.358 sec/batch)
2017-10-27 21:55:19.847946: step 1700, loss = 3.16 (354.1 examples/sec; 0.361 sec/batch)
2017-10-27 21:55:54.817647: step 1800, loss = 3.04 (370.4 examples/sec; 0.346 sec/batch)
2017-10-27 21:56:29.766046: step 1900, loss = 2.92 (359.3 examples/sec; 0.356 sec/batch)
2017-10-27 21:57:04.993080: step 2000, loss = 2.81 (369.5 examples/sec; 0.346 sec/batch)
2017-10-27 21:57:41.317503: step 2100, loss = 2.70 (359.7 examples/sec; 0.356 sec/batch)
2017-10-27 21:58:16.389248: step 2200, loss = 2.59 (357.9 examples/sec; 0.358 sec/batch)
2017-10-27 21:58:51.721410: step 2300, loss = 2.49 (342.7 examples/sec; 0.373 sec/batch)
2017-10-27 21:59:26.935824: step 2400, loss = 2.39 (360.7 examples/sec; 0.355 sec/batch)
2017-10-27 22:00:02.215368: step 2500, loss = 2.30 (368.3 examples/sec; 0.348 sec/batch)
2017-10-27 22:00:37.164618: step 2600, loss = 2.21 (385.2 examples/sec; 0.332 sec/batch)
2017-10-27 22:01:12.398984: step 2700, loss = 2.12 (366.3 examples/sec; 0.349 sec/batch)
2017-10-27 22:01:47.396423: step 2800, loss = 2.04 (343.8 examples/sec; 0.372 sec/batch)
2017-10-27 22:02:22.328062: step 2900, loss = 1.96 (346.7 examples/sec; 0.369 sec/batch)
Precision of student after training: 0.144
